<?xml version="1.0" encoding="UTF-8"?>
<testng-results skipped="0" failed="0" total="1" passed="1">
  <reporter-output>
  </reporter-output>
  <suite name="Suite" duration-ms="24389" started-at="2019-12-23T04:35:30Z" finished-at="2019-12-23T04:35:54Z">
    <groups>
    </groups>
    <test name="Test" duration-ms="24389" started-at="2019-12-23T04:35:30Z" finished-at="2019-12-23T04:35:54Z">
      <class name="DriverFactory.DriverScript">
        <test-method status="PASS" signature="ERP_Test()[pri:0, instance:DriverFactory.DriverScript@2fc14f68]" name="ERP_Test" duration-ms="24377" started-at="2019-12-23T10:05:30Z" finished-at="2019-12-23T10:05:54Z">
          <reporter-output>
          </reporter-output>
        </test-method> <!-- ERP_Test -->
      </class> <!-- DriverFactory.DriverScript -->
    </test> <!-- Test -->
  </suite> <!-- Suite -->
</testng-results>
